
============================================================
[*] DynoAI API Server
============================================================
[>] Upload folder: C:\Dev\DynoAI_3\uploads
[>] Output folder: C:\Dev\DynoAI_3\outputs
[>] Python: C:\Dev\DynoAI_3\.venv\Scripts\python.exe
[>] Rate limiting: ENABLED

[*] Server running on http://localhost:5001

[*] Available endpoints:
  GET  /api/health              - Detailed health check
  GET  /api/health/live         - Liveness probe
  GET  /api/health/ready        - Readiness probe
  POST /api/analyze             - Upload and analyze CSV (async)
  GET  /api/status/<run_id>     - Get analysis status
  GET  /api/download/<run>/<f>  - Download output file
  GET  /api/ve-data/<run_id>    - Get VE data for visualization
  GET  /api/runs                - List all runs
  GET  /api/diagnostics/<id>    - Get diagnostics data
  GET  /api/coverage/<id>       - Get coverage data
  POST /api/apply               - Apply VE corrections
  POST /api/rollback            - Rollback VE corrections
  POST /api/xai/chat            - Proxy chat to xAI (Grok)

[*] Jetstream endpoints:
  GET  /api/jetstream/config    - Get Jetstream configuration
  PUT  /api/jetstream/config    - Update Jetstream configuration
  GET  /api/jetstream/status    - Get Jetstream poller status
  GET  /api/jetstream/runs      - List Jetstream runs
  GET  /api/jetstream/runs/<id> - Get specific run details
  POST /api/jetstream/sync      - Force immediate poll
  GET  /api/jetstream/progress/<id> - SSE progress stream

[*] Timeline endpoints (VE Table Time Machine):
  GET  /api/timeline/<run_id>           - Get session timeline
  GET  /api/timeline/<run_id>/replay/<n>- Replay step N
  GET  /api/timeline/<run_id>/snapshots/<id> - Get snapshot
  GET  /api/timeline/<run_id>/diff      - Compute diff

[*] Tuning Wizard endpoints:
  GET  /api/wizards/config              - Get all wizard options
  POST /api/wizards/decel/preview       - Preview decel fix
  POST /api/wizards/decel/apply         - Apply decel fix (one-click)
  GET  /api/wizards/stages              - List stage presets
  GET  /api/wizards/cams                - List cam family presets
  POST /api/wizards/heat-soak/analyze   - Analyze heat soak

============================================================

 * Serving Flask app 'app'
 * Debug mode: on

============================================================
[*] DynoAI API Server
============================================================
[>] Upload folder: C:\Dev\DynoAI_3\uploads
[>] Output folder: C:\Dev\DynoAI_3\outputs
[>] Python: C:\Dev\DynoAI_3\.venv\Scripts\python.exe
[>] Rate limiting: ENABLED

[*] Server running on http://localhost:5001

[*] Available endpoints:
  GET  /api/health              - Detailed health check
  GET  /api/health/live         - Liveness probe
  GET  /api/health/ready        - Readiness probe
  POST /api/analyze             - Upload and analyze CSV (async)
  GET  /api/status/<run_id>     - Get analysis status
  GET  /api/download/<run>/<f>  - Download output file
  GET  /api/ve-data/<run_id>    - Get VE data for visualization
  GET  /api/runs                - List all runs
  GET  /api/diagnostics/<id>    - Get diagnostics data
  GET  /api/coverage/<id>       - Get coverage data
  POST /api/apply               - Apply VE corrections
  POST /api/rollback            - Rollback VE corrections
  POST /api/xai/chat            - Proxy chat to xAI (Grok)

[*] Jetstream endpoints:
  GET  /api/jetstream/config    - Get Jetstream configuration
  PUT  /api/jetstream/config    - Update Jetstream configuration
  GET  /api/jetstream/status    - Get Jetstream poller status
  GET  /api/jetstream/runs      - List Jetstream runs
  GET  /api/jetstream/runs/<id> - Get specific run details
  POST /api/jetstream/sync      - Force immediate poll
  GET  /api/jetstream/progress/<id> - SSE progress stream

[*] Timeline endpoints (VE Table Time Machine):
  GET  /api/timeline/<run_id>           - Get session timeline
  GET  /api/timeline/<run_id>/replay/<n>- Replay step N
  GET  /api/timeline/<run_id>/snapshots/<id> - Get snapshot
  GET  /api/timeline/<run_id>/diff      - Compute diff

[*] Tuning Wizard endpoints:
  GET  /api/wizards/config              - Get all wizard options
  POST /api/wizards/decel/preview       - Preview decel fix
  POST /api/wizards/decel/apply         - Apply decel fix (one-click)
  GET  /api/wizards/stages              - List stage presets
  GET  /api/wizards/cams                - List cam family presets
  POST /api/wizards/heat-soak/analyze   - Analyze heat soak

============================================================


============================================================
[*] DynoAI API Server
============================================================
[>] Upload folder: C:\Dev\DynoAI_3\uploads
[>] Output folder: C:\Dev\DynoAI_3\outputs
[>] Python: C:\Dev\DynoAI_3\.venv\Scripts\python.exe
[>] Rate limiting: ENABLED

[*] Server running on http://localhost:5001

[*] Available endpoints:
  GET  /api/health              - Detailed health check
  GET  /api/health/live         - Liveness probe
  GET  /api/health/ready        - Readiness probe
  POST /api/analyze             - Upload and analyze CSV (async)
  GET  /api/status/<run_id>     - Get analysis status
  GET  /api/download/<run>/<f>  - Download output file
  GET  /api/ve-data/<run_id>    - Get VE data for visualization
  GET  /api/runs                - List all runs
  GET  /api/diagnostics/<id>    - Get diagnostics data
  GET  /api/coverage/<id>       - Get coverage data
  POST /api/apply               - Apply VE corrections
  POST /api/rollback            - Rollback VE corrections
  POST /api/xai/chat            - Proxy chat to xAI (Grok)

[*] Jetstream endpoints:
  GET  /api/jetstream/config    - Get Jetstream configuration
  PUT  /api/jetstream/config    - Update Jetstream configuration
  GET  /api/jetstream/status    - Get Jetstream poller status
  GET  /api/jetstream/runs      - List Jetstream runs
  GET  /api/jetstream/runs/<id> - Get specific run details
  POST /api/jetstream/sync      - Force immediate poll
  GET  /api/jetstream/progress/<id> - SSE progress stream

[*] Timeline endpoints (VE Table Time Machine):
  GET  /api/timeline/<run_id>           - Get session timeline
  GET  /api/timeline/<run_id>/replay/<n>- Replay step N
  GET  /api/timeline/<run_id>/snapshots/<id> - Get snapshot
  GET  /api/timeline/<run_id>/diff      - Compute diff

[*] Tuning Wizard endpoints:
  GET  /api/wizards/config              - Get all wizard options
  POST /api/wizards/decel/preview       - Preview decel fix
  POST /api/wizards/decel/apply         - Apply decel fix (one-click)
  GET  /api/wizards/stages              - List stage presets
  GET  /api/wizards/cams                - List cam family presets
  POST /api/wizards/heat-soak/analyze   - Analyze heat soak

============================================================


============================================================
[*] DynoAI API Server
============================================================
[>] Upload folder: C:\Dev\DynoAI_3\uploads
[>] Output folder: C:\Dev\DynoAI_3\outputs
[>] Python: C:\Dev\DynoAI_3\.venv\Scripts\python.exe
[>] Rate limiting: ENABLED

[*] Server running on http://localhost:5001

[*] Available endpoints:
  GET  /api/health              - Detailed health check
  GET  /api/health/live         - Liveness probe
  GET  /api/health/ready        - Readiness probe
  POST /api/analyze             - Upload and analyze CSV (async)
  GET  /api/status/<run_id>     - Get analysis status
  GET  /api/download/<run>/<f>  - Download output file
  GET  /api/ve-data/<run_id>    - Get VE data for visualization
  GET  /api/runs                - List all runs
  GET  /api/diagnostics/<id>    - Get diagnostics data
  GET  /api/coverage/<id>       - Get coverage data
  POST /api/apply               - Apply VE corrections
  POST /api/rollback            - Rollback VE corrections
  POST /api/xai/chat            - Proxy chat to xAI (Grok)

[*] Jetstream endpoints:
  GET  /api/jetstream/config    - Get Jetstream configuration
  PUT  /api/jetstream/config    - Update Jetstream configuration
  GET  /api/jetstream/status    - Get Jetstream poller status
  GET  /api/jetstream/runs      - List Jetstream runs
  GET  /api/jetstream/runs/<id> - Get specific run details
  POST /api/jetstream/sync      - Force immediate poll
  GET  /api/jetstream/progress/<id> - SSE progress stream

[*] Timeline endpoints (VE Table Time Machine):
  GET  /api/timeline/<run_id>           - Get session timeline
  GET  /api/timeline/<run_id>/replay/<n>- Replay step N
  GET  /api/timeline/<run_id>/snapshots/<id> - Get snapshot
  GET  /api/timeline/<run_id>/diff      - Compute diff

[*] Tuning Wizard endpoints:
  GET  /api/wizards/config              - Get all wizard options
  POST /api/wizards/decel/preview       - Preview decel fix
  POST /api/wizards/decel/apply         - Apply decel fix (one-click)
  GET  /api/wizards/stages              - List stage presets
  GET  /api/wizards/cams                - List cam family presets
  POST /api/wizards/heat-soak/analyze   - Analyze heat soak

============================================================


============================================================
[*] DynoAI API Server
============================================================
[>] Upload folder: C:\Dev\DynoAI_3\uploads
[>] Output folder: C:\Dev\DynoAI_3\outputs
[>] Python: C:\Dev\DynoAI_3\.venv\Scripts\python.exe
[>] Rate limiting: ENABLED

[*] Server running on http://localhost:5001

[*] Available endpoints:
  GET  /api/health              - Detailed health check
  GET  /api/health/live         - Liveness probe
  GET  /api/health/ready        - Readiness probe
  POST /api/analyze             - Upload and analyze CSV (async)
  GET  /api/status/<run_id>     - Get analysis status
  GET  /api/download/<run>/<f>  - Download output file
  GET  /api/ve-data/<run_id>    - Get VE data for visualization
  GET  /api/runs                - List all runs
  GET  /api/diagnostics/<id>    - Get diagnostics data
  GET  /api/coverage/<id>       - Get coverage data
  POST /api/apply               - Apply VE corrections
  POST /api/rollback            - Rollback VE corrections
  POST /api/xai/chat            - Proxy chat to xAI (Grok)

[*] Jetstream endpoints:
  GET  /api/jetstream/config    - Get Jetstream configuration
  PUT  /api/jetstream/config    - Update Jetstream configuration
  GET  /api/jetstream/status    - Get Jetstream poller status
  GET  /api/jetstream/runs      - List Jetstream runs
  GET  /api/jetstream/runs/<id> - Get specific run details
  POST /api/jetstream/sync      - Force immediate poll
  GET  /api/jetstream/progress/<id> - SSE progress stream

[*] Timeline endpoints (VE Table Time Machine):
  GET  /api/timeline/<run_id>           - Get session timeline
  GET  /api/timeline/<run_id>/replay/<n>- Replay step N
  GET  /api/timeline/<run_id>/snapshots/<id> - Get snapshot
  GET  /api/timeline/<run_id>/diff      - Compute diff

[*] Tuning Wizard endpoints:
  GET  /api/wizards/config              - Get all wizard options
  POST /api/wizards/decel/preview       - Preview decel fix
  POST /api/wizards/decel/apply         - Apply decel fix (one-click)
  GET  /api/wizards/stages              - List stage presets
  GET  /api/wizards/cams                - List cam family presets
  POST /api/wizards/heat-soak/analyze   - Analyze heat soak

============================================================

